<?xml version="1.0" encoding="UTF-8"?>
<testng-results ignored="0" total="1" passed="1" failed="0" skipped="0">
  <reporter-output>
  </reporter-output>
  <suite started-at="2022-10-01T10:38:31 IST" name="Default suite" finished-at="2022-10-01T10:38:38 IST" duration-ms="7454">
    <groups>
    </groups>
    <test started-at="2022-10-01T10:38:31 IST" name="Default test" finished-at="2022-10-01T10:38:38 IST" duration-ms="7454">
      <class name="Login">
        <test-method signature="login()[pri:0, instance:Login@56cdfb3b]" started-at="2022-10-01T10:38:31 IST" name="login" finished-at="2022-10-01T10:38:38 IST" duration-ms="7295" status="PASS">
          <reporter-output>
          </reporter-output>
        </test-method> <!-- login -->
      </class> <!-- Login -->
    </test> <!-- Default test -->
  </suite> <!-- Default suite -->
</testng-results>
